2016-10-24T20:34:21.124Z - info: User with id pb clicked at cart in file header
2016-10-24T20:34:21.375Z - info: User with id pb clicked at cart in file header
2016-10-24T20:34:25.571Z - info: User with id pb clicked at myebay in file header
2016-10-24T20:37:13.381Z - info: Guest user clicked at profile_link in file header
2016-10-24T20:37:14.983Z - info: Guest user clicked at register_tab in file login
2016-10-24T20:37:35.973Z - info: Guest user clicked at slideshow in file home
2016-10-24T20:40:11.679Z - info: Guest user clicked at profile_link in file header
2016-10-24T20:40:13.986Z - info: Guest user clicked at register_tab in file login
2016-10-24T20:40:15.020Z - info: Guest user clicked at login_tab in file login
2016-10-24T20:40:15.445Z - info: Guest user clicked at register_tab in file login
2016-10-24T20:41:05.532Z - info: Guest user clicked at register_tab in file login
2016-10-24T20:41:06.551Z - info: Guest user clicked at login_tab in file login
2016-10-24T20:41:07.414Z - info: Guest user clicked at register_tab in file login
2016-10-24T20:41:08.893Z - info: Guest user clicked at login_tab in file login
2016-10-24T20:41:09.558Z - info: Guest user clicked at register_tab in file login
2016-10-24T20:43:49.059Z - info: Guest user clicked at login_tab in file login
2016-10-24T20:43:51.241Z - info: Guest user clicked at sign_in in file login
2016-10-24T20:43:55.648Z - info: Guest user clicked at sign_in in file login
2016-10-24T20:44:00.332Z - info: Guest user clicked at profile_link in file header
2016-10-24T20:44:02.782Z - info: Guest user clicked at sign_in in file login
2016-10-24T20:44:23.421Z - info: Guest user clicked at profile_link in file header
2016-10-24T20:44:23.605Z - info: Guest user clicked at profile_link in file header
2016-10-24T20:44:24.350Z - info: Guest user clicked at profile_link in file header
2016-10-24T20:44:24.537Z - info: Guest user clicked at profile_link in file header
2016-10-24T20:44:25.768Z - info: Guest user clicked at profile_link in file header
2016-10-24T20:44:28.059Z - info: Guest user clicked at sign_in in file login
2016-10-24T20:44:34.731Z - info: Guest user clicked at sign_in in file login
2016-10-24T20:45:43.977Z - info: Guest user clicked at sign_in in file login
2016-10-24T20:46:45.267Z - info: Guest user clicked at sign_in in file login
2016-10-24T20:46:51.246Z - info: User with id pb clicked at profile_link in file header
2016-10-24T21:43:40.238Z - info: Guest user clicked at myebay in file header
2016-10-24T21:43:44.561Z - info: Guest user clicked at sign_in in file login
2016-10-24T21:43:47.716Z - info: User with id pb clicked at myebay in file header
2016-10-24T21:48:14.484Z - info: User with id pb clicked at myebay in file header
2016-10-24T22:06:57.592Z - info: User with id pb clicked at myebay in file header
2016-10-24T22:08:15.793Z - info: User with id pb clicked at myebay in file header
2016-10-24T22:08:22.827Z - info: User with id pb clicked at myebay in file header
2016-10-24T22:08:24.169Z - info: User with id pb clicked at sell in file profile
2016-10-24T22:08:26.098Z - info: User with id pb clicked at myebay in file header
2016-10-24T22:08:27.868Z - info: User with id pb clicked at sell in file profile
2016-10-24T22:08:41.263Z - info: User with id pb clicked at myebay in file header
2016-10-24T22:09:39.160Z - info: Guest user clicked at myebay in file header
2016-10-24T22:09:41.776Z - info: Guest user clicked at sign_in in file login
2016-10-24T22:09:43.523Z - info: User with id pb clicked at myebay in file header
2016-10-24T22:14:09.252Z - info: User with id pb clicked at sell in file profile
2016-10-24T22:15:35.783Z - info: User with id pb clicked at sell in file profile
2016-10-24T22:15:48.909Z - info: User with id pb clicked at sell in file profile
2016-10-24T22:18:50.437Z - info: User with id pb clicked at myebay in file header
2016-10-24T22:19:33.288Z - info: User with id pb clicked at sell in file profile
2016-10-24T22:19:34.520Z - info: User with id pb clicked at profile_update in file profile
2016-10-24T22:19:38.221Z - info: Guest user clicked at myebay in file header
2016-10-24T22:19:40.385Z - info: Guest user clicked at sign_in in file login
2016-10-24T22:19:43.733Z - info: User with id pb clicked at myebay in file header
2016-10-24T22:19:44.300Z - info: User with id pb clicked at myebay in file header
2016-10-24T22:19:44.489Z - info: User with id pb clicked at myebay in file header
2016-10-24T22:19:45.650Z - info: User with id pb clicked at myebay in file header
2016-10-24T22:19:48.526Z - info: User with id pb clicked at sell in file profile
2016-10-24T22:19:49.866Z - info: User with id pb clicked at purchase in file profile
2016-10-24T22:20:34.801Z - info: User with id pb clicked at myebay in file header
2016-10-24T22:20:38.081Z - info: User with id pb clicked at sell in file profile
2016-10-24T22:20:39.321Z - info: User with id pb clicked at purchase in file profile
2016-10-24T22:25:22.447Z - info: Guest user clicked at myebay in file header
2016-10-24T22:25:24.722Z - info: Guest user clicked at sign_in in file login
2016-10-24T22:25:27.764Z - info: User with id pb clicked at myebay in file header
2016-10-24T22:25:29.798Z - info: User with id pb clicked at sell in file profile
2016-10-24T22:25:32.341Z - info: User with id pb clicked at sell in file profile
2016-10-24T22:25:33.131Z - info: User with id pb clicked at sell in file profile
2016-10-24T22:25:33.261Z - info: User with id pb clicked at sell in file profile
2016-10-24T22:25:33.470Z - info: User with id pb clicked at sell in file profile
2016-10-24T23:45:49.244Z - info: Guest user clicked at myebay in file header
2016-10-24T23:45:52.362Z - info: Guest user clicked at sign_in in file login
2016-10-24T23:45:58.020Z - info: User with id pb clicked at myebay in file header
2016-10-24T23:45:59.875Z - info: User with id pb clicked at sell in file profile
2016-10-24T23:46:25.870Z - info: User with id pb clicked at myebay in file header
2016-10-24T23:46:32.021Z - info: User with id pb clicked at sell in file profile
2016-10-24T23:49:27.808Z - info: User with id pb clicked at myebay in file header
2016-10-24T23:49:29.633Z - info: User with id pb clicked at sell in file profile
2016-10-24T23:51:26.562Z - info: User with id pb clicked at myebay in file header
2016-10-24T23:51:28.685Z - info: User with id pb clicked at sell in file profile
2016-10-24T23:51:33.830Z - info: User with id pb clicked at purchase in file profile
2016-10-24T23:51:36.176Z - info: User with id pb clicked at myebay in file header
2016-10-24T23:51:37.598Z - info: User with id pb clicked at sell in file profile
2016-10-24T23:51:39.504Z - info: User with id pb clicked at sell in file profile
2016-10-24T23:51:39.692Z - info: User with id pb clicked at sell in file profile
2016-10-24T23:51:48.065Z - info: User with id pb clicked at sell in file profile
2016-10-25T00:00:42.285Z - info: User with id pb clicked at profile_link in file header
2016-10-25T00:00:43.074Z - info: User with id pb clicked at logo in file header
2016-10-25T00:00:46.866Z - info: User with id pb clicked at myebay in file header
2016-10-25T00:00:48.295Z - info: User with id pb clicked at sell in file profile
2016-10-25T00:02:03.744Z - info: Guest user clicked at myebay in file header
2016-10-25T00:02:05.769Z - info: Guest user clicked at sign_in in file login
2016-10-25T00:02:08.466Z - info: User with id pb clicked at myebay in file header
2016-10-25T00:02:10.269Z - info: User with id pb clicked at sell in file profile
2016-10-25T00:05:17.727Z - info: User with id pb clicked at myebay in file header
2016-10-25T00:05:19.509Z - info: User with id pb clicked at sell in file profile
2016-10-25T00:05:20.619Z - info: User with id pb clicked at profile_update in file profile
2016-10-25T00:05:22.299Z - info: User with id pb clicked at purchase in file profile
2016-10-25T00:05:23.912Z - info: User with id pb clicked at profile_update in file profile
2016-10-25T00:05:29.052Z - info: User with id pb clicked at logo in file header
2016-10-25T00:08:13.699Z - info: User with id pb clicked at slideshow in file home
2016-10-25T00:08:19.010Z - info: User with id pb clicked at item in file product
2016-10-25T00:10:31.771Z - info: User with id pb clicked at logo in file header
2016-10-25T00:10:35.232Z - info: User with id pb clicked at logo in file header
2016-10-25T00:10:41.715Z - info: User with id pb clicked at profile_link in file header
2016-10-25T00:10:44.293Z - info: User with id pb clicked at sell in file profile
2016-10-25T00:10:44.918Z - info: User with id pb clicked at profile_update in file profile
2016-10-25T00:10:46.141Z - info: User with id pb clicked at logo in file header
2016-10-25T00:10:52.044Z - info: User with id pb clicked at slideshow in file home
2016-10-25T00:10:53.293Z - info: User with id pb clicked at slideshow in file home
2016-10-25T00:10:59.037Z - info: User with id pb clicked at slideshow in file home
2016-10-25T00:11:03.197Z - info: User with id pb clicked at slideshow in file home
2016-10-25T00:11:04.891Z - info: User with id pb clicked at slideshow in file home
2016-10-25T00:11:06.942Z - info: User with id pb clicked at slideshow in file home
2016-10-25T00:11:29.609Z - info: User with id pb clicked at logo in file header
2016-10-25T00:11:32.728Z - info: User with id pb clicked at myebay in file header
2016-10-25T00:11:34.203Z - info: User with id pb clicked at sell in file profile
2016-10-25T00:11:35.166Z - info: User with id pb clicked at profile_update in file profile
2016-10-25T00:11:36.583Z - info: User with id pb clicked at purchase in file profile
2016-10-25T00:11:39.984Z - info: User with id pb clicked at logo in file header
2016-10-25T00:25:08.646Z - info: Guest user clicked at slideshow in file home
2016-10-25T00:25:10.876Z - info: Guest user clicked at logo in file header
2016-10-25T00:27:19.342Z - info: Guest user clicked at header-table in file home
2016-10-25T00:27:22.250Z - info: Guest user clicked at header-table in file home
2016-10-25T00:27:26.477Z - info: Guest user clicked at item in file product
2016-10-25T00:27:30.944Z - info: Guest user clicked at add_to_cart in file product
2016-10-25T00:27:30.946Z - info: Guest user clicked at product_details in file product
2016-10-25T00:27:35.484Z - info: Guest user clicked at sign_in in file login
2016-10-25T00:27:37.439Z - info: User with id pb clicked at header-table in file home
2016-10-25T00:27:38.720Z - info: User with id pb clicked at item in file product
2016-10-25T00:27:40.080Z - info: User with id pb clicked at add_to_cart in file product
2016-10-25T00:27:40.082Z - info: User with id pb clicked at product_details in file product
2016-10-25T00:27:44.164Z - info: User with id pb clicked at checkout in file cart
2016-10-25T00:27:49.509Z - info: User with id pb clicked at myebay in file header
2016-10-25T00:27:52.252Z - info: User with id pb clicked at sell in file profile
2016-10-25T00:27:55.942Z - info: User with id pb clicked at logo in file header
2016-10-25T00:27:59.456Z - info: User with id pb clicked at search_form in file header
2016-10-25T00:28:00.369Z - info: User with id pb clicked at search_form in file header
2016-10-25T02:14:48.173Z - info: Guest user clicked at recently added items in file home
2016-10-25T02:14:48.288Z - info: Guest user clicked at recently added items in file home
2016-10-25T02:14:48.534Z - info: Guest user clicked at recently added items in file home
2016-10-25T02:14:56.490Z - info: Guest user clicked at recently added items in file home
2016-10-25T02:16:12.676Z - info: Guest user clicked at profile_link in file header
2016-11-03T01:04:28.215Z - info: Guest user clicked at profile_link in file header
2016-11-03T01:04:50.045Z - info: Guest user clicked at profile_link in file header
2016-11-03T01:06:30.878Z - info: Guest user clicked at sign_in in file login
2016-11-03T01:06:32.505Z - info: User with id pb clicked at search_form in file header
2016-11-03T01:06:35.442Z - info: User with id pb clicked at profile_link in file header
2016-11-06T22:45:23.922Z - info: Guest user clicked at profile_link in file header
2016-11-06T22:45:28.113Z - info: Guest user clicked at sign_in in file login
2016-11-06T22:47:12.043Z - info: Guest user clicked at sign_in in file login
2016-11-06T22:47:54.072Z - info: Guest user clicked at sign_in in file login
2016-11-06T22:48:01.332Z - info: User with id a.a clicked at profile_link in file header
