2016-10-16T17:26:47.497Z - info: Guest user clicked at table in file home
2016-10-16T17:29:52.342Z - info: User with id pb clicked at table in file home
2016-10-16T17:31:32.152Z - info: User with id pb clicked at slideshow_image1 in file home
2016-10-16T17:31:32.887Z - info: User with id pb clicked at slideshow in file home
2016-10-16T17:56:23.952Z - info: Guest user clicked at header-table in file home
2016-10-16T17:56:47.659Z - info: Guest user clicked at recently added items in file home
2016-10-16T17:56:51.970Z - info: Guest user clicked at recently added items in file home
2016-10-16T17:57:05.550Z - info: Guest user clicked at logo in file header
2016-10-16T17:57:13.739Z - info: Guest user clicked at profile_link in file header
2016-10-16T17:57:20.403Z - info: Guest user clicked at myebay in file header
2016-10-16T17:57:26.259Z - info: User with id pb clicked at myebay in file header
2016-10-16T17:57:28.002Z - info: User with id pb clicked at profile_link in file header
2016-10-16T17:57:28.894Z - info: User with id pb clicked at profile_link in file header
2016-10-16T17:57:31.404Z - info: User with id pb clicked at sell in file profile
2016-10-16T18:01:09.347Z - info: Guest user clicked at profile_link in file header
2016-10-16T18:01:10.773Z - info: Guest user clicked at register_tab in file login
2016-10-16T18:01:11.487Z - info: Guest user clicked at login_tab in file login
2016-10-16T18:36:51.018Z - info: Guest user clicked at profile_link in file header
2016-10-16T18:36:55.204Z - info: Guest user clicked at search in file header
2016-10-16T18:37:13.449Z - info: Guest user clicked at logo in file header
2016-10-16T18:37:15.116Z - info: Guest user clicked at profile_link in file header
2016-10-16T18:37:18.990Z - info: Guest user clicked at sign_in in file login
2016-10-16T18:37:18.993Z - info: Query at2016-10-16T18:37:18.993Z
2016-10-16T18:37:24.609Z - info: User with id pb clicked at recently added items in file home
2016-10-16T18:37:26.958Z - info: User with id pb clicked at search in file header
2016-10-16T18:37:36.004Z - info: User with id pb clicked at logo in file header
2016-10-16T18:50:22.215Z - info: User with id pb clicked at logo in file header
2016-10-16T18:50:28.646Z - info: User with id pb clicked at myebay in file header
2016-10-16T18:50:30.362Z - info: User with id pb clicked at sell in file profile
2016-10-16T18:50:31.470Z - info: User with id pb clicked at logo in file header
2016-10-16T19:31:44.520Z - info: Guest user clicked at item in file product
2016-10-16T19:31:46.545Z - info: Guest user clicked at add_to_cart in file product
2016-10-16T19:31:46.546Z - info: Guest user clicked at product_details in file product
2016-10-16T19:31:50.974Z - info: Guest user clicked at sign_in in file login
2016-10-16T19:31:50.978Z - info: Query at2016-10-16T19:31:50.978Z
2016-10-16T19:32:04.582Z - info: User with id pb clicked at logo in file header
2016-10-16T19:32:07.703Z - info: User with id pb clicked at recently added items in file home
2016-10-16T19:33:54.661Z - info: User with id pb clicked at logo in file header
2016-10-16T19:34:53.808Z - info: Guest user clicked at profile_link in file header
2016-10-16T19:34:57.738Z - info: Guest user clicked at sign_in in file login
2016-10-16T19:34:57.741Z - info: Query at2016-10-16T19:34:57.741Z
