2016-08-31 16:00:05,431 [Worker-0] INFO  o.e.m.c.i.p.ProjectConfigurationManager - Collecting project info '/pom.xml' C:\Users\pandy\Documents\GitHub\CMPE273\homework1\pom.xml
2016-08-31 16:00:08,614 [Worker-0] INFO  o.e.m.c.i.l.LifecycleMappingFactory - Using org.eclipse.m2e.jdt.JarLifecycleMapping lifecycle mapping for MavenProject: com.cmpe273:homework1:0.0.1-SNAPSHOT @ C:\Users\pandy\Documents\GitHub\CMPE273\homework1\pom.xml.
2016-08-31 16:00:09,745 [Worker-0] INFO  o.e.m.j.i.AbstractJavaProjectConfigurator - Adding source folder /homework1/src/main/java
2016-08-31 16:00:09,753 [Worker-0] INFO  o.e.m.j.i.AbstractJavaProjectConfigurator - Adding source folder /homework1/src/test/java
2016-08-31 16:00:10,434 [Worker-0] INFO  o.e.m.c.i.p.ProjectConfigurationManager - Imported and configured 1 project(s) in 4 sec
2016-08-31 16:00:11,047 [Worker-4] INFO  o.e.m.c.i.embedder.EclipseLogger - Using 'UTF-8' encoding to copy filtered resources.
2016-08-31 16:00:11,047 [Worker-4] INFO  o.e.m.c.i.embedder.EclipseLogger - skip non existing resourceDirectory C:\Users\pandy\Documents\GitHub\CMPE273\homework1\src\main\resources
2016-08-31 16:00:11,049 [Worker-4] INFO  o.e.m.c.i.embedder.EclipseLogger - Using 'UTF-8' encoding to copy filtered resources.
2016-08-31 16:00:11,050 [Worker-4] INFO  o.e.m.c.i.embedder.EclipseLogger - skip non existing resourceDirectory C:\Users\pandy\Documents\GitHub\CMPE273\homework1\src\test\resources
2016-08-31 16:00:22,664 [Worker-14] INFO  o.e.m.c.i.embedder.EclipseLogger - Using 'UTF-8' encoding to copy filtered resources.
2016-08-31 16:00:22,664 [Worker-14] INFO  o.e.m.c.i.embedder.EclipseLogger - skip non existing resourceDirectory C:\Users\pandy\Documents\GitHub\CMPE273\homework1\src\main\resources
2016-08-31 16:00:22,665 [Worker-14] INFO  o.e.m.c.i.embedder.EclipseLogger - Using 'UTF-8' encoding to copy filtered resources.
2016-08-31 16:00:22,665 [Worker-14] INFO  o.e.m.c.i.embedder.EclipseLogger - skip non existing resourceDirectory C:\Users\pandy\Documents\GitHub\CMPE273\homework1\src\test\resources
2016-08-31 18:40:52,275 [Worker-27] INFO  o.e.m.c.i.embedder.EclipseLogger - Using 'UTF-8' encoding to copy filtered resources.
2016-08-31 18:40:52,280 [Worker-27] INFO  o.e.m.c.i.embedder.EclipseLogger - skip non existing resourceDirectory C:\Users\pandy\Documents\GitHub\CMPE273\homework1\src\main\resources
2016-08-31 18:40:52,282 [Worker-27] INFO  o.e.m.c.i.embedder.EclipseLogger - Using 'UTF-8' encoding to copy filtered resources.
2016-08-31 18:40:52,283 [Worker-27] INFO  o.e.m.c.i.embedder.EclipseLogger - skip non existing resourceDirectory C:\Users\pandy\Documents\GitHub\CMPE273\homework1\src\test\resources
2016-08-31 19:09:52,767 [Worker-37] INFO  o.e.m.c.i.embedder.EclipseLogger - Using 'UTF-8' encoding to copy filtered resources.
2016-08-31 19:09:52,767 [Worker-37] INFO  o.e.m.c.i.embedder.EclipseLogger - skip non existing resourceDirectory C:\Users\pandy\Documents\GitHub\CMPE273\homework1\src\main\resources
2016-08-31 19:09:52,769 [Worker-37] INFO  o.e.m.c.i.embedder.EclipseLogger - Using 'UTF-8' encoding to copy filtered resources.
2016-08-31 19:09:52,769 [Worker-37] INFO  o.e.m.c.i.embedder.EclipseLogger - skip non existing resourceDirectory C:\Users\pandy\Documents\GitHub\CMPE273\homework1\src\test\resources
